2015-05-30 06:07:06.418 INFO  (main) [   ] o.e.j.u.log Logging initialized @299ms
2015-05-30 06:07:06.565 INFO  (main) [   ] o.e.j.s.Server jetty-9.2.10.v20150310
2015-05-30 06:07:06.580 WARN  (main) [   ] o.e.j.s.h.RequestLogHandler !RequestLog
2015-05-30 06:07:06.582 INFO  (main) [   ] o.e.j.d.p.ScanningAppProvider Deployment monitor [file:/Users/michafla/projects/R/pkg/rsolr/inst/example-solr/contexts/] at interval 0
2015-05-30 06:07:07.773 INFO  (main) [   ] o.e.j.w.StandardDescriptorProcessor NO JSP Support for /solr, did not find org.apache.jasper.servlet.JspServlet
2015-05-30 06:07:07.790 WARN  (main) [   ] o.e.j.s.SecurityHandler ServletContext@o.e.j.w.WebAppContext@271053e1{/solr,file:/Users/michafla/projects/R/pkg/rsolr/inst/example-solr/solr-webapp/webapp/,STARTING}{/solr.war} has uncovered http methods for path: /
2015-05-30 06:07:07.809 INFO  (main) [   ] o.a.s.s.SolrDispatchFilter SolrDispatchFilter.init()WebAppClassLoader=1164371389@4566e5bd
2015-05-30 06:07:07.821 INFO  (main) [   ] o.a.s.c.SolrResourceLoader JNDI not configured for solr (NoInitialContextEx)
2015-05-30 06:07:07.822 INFO  (main) [   ] o.a.s.c.SolrResourceLoader solr home defaulted to 'solr/' (could not find system property or JNDI)
2015-05-30 06:07:07.822 INFO  (main) [   ] o.a.s.c.SolrResourceLoader new SolrResourceLoader for directory: 'solr/'
2015-05-30 06:07:07.926 INFO  (main) [   ] o.a.s.c.SolrXmlConfig Loading container configuration from /Users/michafla/projects/R/pkg/rsolr/inst/example-solr/solr/solr.xml
2015-05-30 06:07:07.989 INFO  (main) [   ] o.a.s.c.CoresLocator Config-defined core root directory: /Users/michafla/projects/R/pkg/rsolr/inst/example-solr/solr
2015-05-30 06:07:08.009 INFO  (main) [   ] o.a.s.c.CoreContainer New CoreContainer 328827614
2015-05-30 06:07:08.010 INFO  (main) [   ] o.a.s.c.CoreContainer Loading cores into CoreContainer [instanceDir=solr/]
2015-05-30 06:07:08.010 INFO  (main) [   ] o.a.s.c.CoreContainer loading shared library: /Users/michafla/projects/R/pkg/rsolr/inst/example-solr/solr/lib
2015-05-30 06:07:08.010 WARN  (main) [   ] o.a.s.c.SolrResourceLoader Can't find (or read) directory to add to classloader: lib (resolved as: /Users/michafla/projects/R/pkg/rsolr/inst/example-solr/solr/lib).
2015-05-30 06:07:08.028 INFO  (main) [   ] o.a.s.h.c.HttpShardHandlerFactory created with socketTimeout : 600000,connTimeout : 60000,maxConnectionsPerHost : 20,maxConnections : 10000,corePoolSize : 0,maximumPoolSize : 2147483647,maxThreadIdleTime : 5,sizeOfQueue : -1,fairnessPolicy : false,useRetries : false,
2015-05-30 06:07:08.152 INFO  (main) [   ] o.a.s.u.UpdateShardHandler Creating UpdateShardHandler HTTP client with params: socketTimeout=600000&connTimeout=60000&retry=true
2015-05-30 06:07:08.154 INFO  (main) [   ] o.a.s.l.LogWatcher SLF4J impl is org.slf4j.impl.Log4jLoggerFactory
2015-05-30 06:07:08.155 INFO  (main) [   ] o.a.s.l.LogWatcher Registering Log Listener [Log4j (org.slf4j.impl.Log4jLoggerFactory)]
2015-05-30 06:07:08.156 INFO  (main) [   ] o.a.s.c.CoreContainer No authentication plugin used.
2015-05-30 06:07:08.195 INFO  (main) [   ] o.a.s.c.CoresLocator Looking for core definitions underneath /Users/michafla/projects/R/pkg/rsolr/inst/example-solr/solr
2015-05-30 06:07:08.213 INFO  (main) [   ] o.a.s.c.SolrCore Created CoreDescriptor: {name=techproducts, config=solrconfig.xml, instanceDir=/Users/michafla/projects/R/pkg/rsolr/inst/example-solr/solr/cores/techproducts, loadOnStartup=true, absoluteInstDir=/Users/michafla/projects/R/pkg/rsolr/inst/example-solr/solr/cores/techproducts/, schema=schema.xml, transient=false, dataDir=data/}
2015-05-30 06:07:08.213 INFO  (main) [   ] o.a.s.c.CoresLocator Found core techproducts in /Users/michafla/projects/R/pkg/rsolr/inst/example-solr/solr/cores/techproducts/
2015-05-30 06:07:08.213 INFO  (main) [   ] o.a.s.c.CoresLocator Found 1 core definitions
2015-05-30 06:07:08.216 INFO  (coreLoadExecutor-6-thread-1) [   ] o.a.s.c.SolrResourceLoader new SolrResourceLoader for directory: '/Users/michafla/projects/R/pkg/rsolr/inst/example-solr/solr/cores/techproducts/'
2015-05-30 06:07:08.216 INFO  (main) [   ] o.a.s.s.SolrDispatchFilter user.dir=/Users/michafla/projects/R/pkg/rsolr/inst/example-solr
2015-05-30 06:07:08.217 INFO  (main) [   ] o.a.s.s.SolrDispatchFilter SolrDispatchFilter.init() done
2015-05-30 06:07:08.231 INFO  (main) [   ] o.e.j.s.h.ContextHandler Started o.e.j.w.WebAppContext@271053e1{/solr,file:/Users/michafla/projects/R/pkg/rsolr/inst/example-solr/solr-webapp/webapp/,AVAILABLE}{/solr.war}
2015-05-30 06:07:08.252 INFO  (main) [   ] o.e.j.s.ServerConnector Started ServerConnector@54e1c68b{HTTP/1.1}{0.0.0.0:8983}
2015-05-30 06:07:08.252 INFO  (main) [   ] o.e.j.s.Server Started @2135ms
2015-05-30 06:07:08.282 INFO  (coreLoadExecutor-6-thread-1) [   ] o.a.s.c.SolrConfig current version of requestparams : -1
2015-05-30 06:07:08.285 INFO  (coreLoadExecutor-6-thread-1) [   ] o.a.s.c.SolrConfig Adding specified lib dirs to ClassLoader
2015-05-30 06:07:08.285 WARN  (coreLoadExecutor-6-thread-1) [   ] o.a.s.c.SolrResourceLoader Can't find (or read) directory to add to classloader: ../../../../contrib/extraction/lib (resolved as: /Users/michafla/projects/R/pkg/rsolr/inst/example-solr/solr/cores/techproducts/../../../../contrib/extraction/lib).
2015-05-30 06:07:08.287 WARN  (coreLoadExecutor-6-thread-1) [   ] o.a.s.c.SolrResourceLoader Can't find (or read) directory to add to classloader: ../../../../dist/ (resolved as: /Users/michafla/projects/R/pkg/rsolr/inst/example-solr/solr/cores/techproducts/../../../../dist).
2015-05-30 06:07:08.287 WARN  (coreLoadExecutor-6-thread-1) [   ] o.a.s.c.SolrResourceLoader Can't find (or read) directory to add to classloader: ../../../../contrib/clustering/lib/ (resolved as: /Users/michafla/projects/R/pkg/rsolr/inst/example-solr/solr/cores/techproducts/../../../../contrib/clustering/lib).
2015-05-30 06:07:08.287 WARN  (coreLoadExecutor-6-thread-1) [   ] o.a.s.c.SolrResourceLoader Can't find (or read) directory to add to classloader: ../../../../dist/ (resolved as: /Users/michafla/projects/R/pkg/rsolr/inst/example-solr/solr/cores/techproducts/../../../../dist).
2015-05-30 06:07:08.357 WARN  (coreLoadExecutor-6-thread-1) [   ] o.a.s.c.SolrResourceLoader Can't find (or read) directory to add to classloader: ../../../../contrib/langid/lib/ (resolved as: /Users/michafla/projects/R/pkg/rsolr/inst/example-solr/solr/cores/techproducts/../../../../contrib/langid/lib).
2015-05-30 06:07:08.357 WARN  (coreLoadExecutor-6-thread-1) [   ] o.a.s.c.SolrResourceLoader Can't find (or read) directory to add to classloader: ../../../../dist/ (resolved as: /Users/michafla/projects/R/pkg/rsolr/inst/example-solr/solr/cores/techproducts/../../../../dist).
2015-05-30 06:07:08.357 WARN  (coreLoadExecutor-6-thread-1) [   ] o.a.s.c.SolrResourceLoader Can't find (or read) directory to add to classloader: ../../../../contrib/velocity/lib (resolved as: /Users/michafla/projects/R/pkg/rsolr/inst/example-solr/solr/cores/techproducts/../../../../contrib/velocity/lib).
2015-05-30 06:07:08.358 WARN  (coreLoadExecutor-6-thread-1) [   ] o.a.s.c.SolrResourceLoader Can't find (or read) directory to add to classloader: ../../../../dist/ (resolved as: /Users/michafla/projects/R/pkg/rsolr/inst/example-solr/solr/cores/techproducts/../../../../dist).
2015-05-30 06:07:08.468 INFO  (coreLoadExecutor-6-thread-1) [   ] o.a.s.u.SolrIndexConfig IndexWriter infoStream solr logging is enabled
2015-05-30 06:07:08.473 INFO  (coreLoadExecutor-6-thread-1) [   ] o.a.s.c.SolrConfig Using Lucene MatchVersion: 5.3.0
2015-05-30 06:07:08.581 INFO  (coreLoadExecutor-6-thread-1) [   ] o.a.s.c.Config Loaded SolrConfig: solrconfig.xml
2015-05-30 06:07:08.589 INFO  (coreLoadExecutor-6-thread-1) [   ] o.a.s.s.IndexSchema Reading Solr Schema from /Users/michafla/projects/R/pkg/rsolr/inst/example-solr/solr/cores/techproducts/conf/schema.xml
2015-05-30 06:07:08.647 INFO  (coreLoadExecutor-6-thread-1) [   ] o.a.s.s.IndexSchema [techproducts] Schema name=example
2015-05-30 06:07:09.045 INFO  (coreLoadExecutor-6-thread-1) [   ] o.a.s.s.IndexSchema unique key field: id
2015-05-30 06:07:09.058 INFO  (coreLoadExecutor-6-thread-1) [   ] o.a.s.r.RestManager Registered ManagedResource impl org.apache.solr.rest.schema.analysis.ManagedWordSetResource for path /schema/analysis/stopwords/english
2015-05-30 06:07:09.059 INFO  (coreLoadExecutor-6-thread-1) [   ] o.a.s.r.RestManager Registered ManagedResource impl org.apache.solr.rest.schema.analysis.ManagedSynonymFilterFactory$SynonymManager for path /schema/analysis/synonyms/english
2015-05-30 06:07:09.125 INFO  (coreLoadExecutor-6-thread-1) [   ] o.a.s.s.FileExchangeRateProvider Reloading exchange rates from file currency.xml
2015-05-30 06:07:09.129 INFO  (coreLoadExecutor-6-thread-1) [   ] o.a.s.s.FileExchangeRateProvider Reloading exchange rates from file currency.xml
2015-05-30 06:07:09.213 INFO  (coreLoadExecutor-6-thread-1) [   ] o.a.s.c.CoreContainer Creating SolrCore 'techproducts' using configuration from instancedir /Users/michafla/projects/R/pkg/rsolr/inst/example-solr/solr/cores/techproducts/
2015-05-30 06:07:09.213 INFO  (coreLoadExecutor-6-thread-1) [   x:techproducts] o.a.s.c.SolrCore solr.NRTCachingDirectoryFactory
2015-05-30 06:07:09.222 INFO  (coreLoadExecutor-6-thread-1) [   x:techproducts] o.a.s.c.SolrCore [[techproducts] ] Opening new SolrCore at [/Users/michafla/projects/R/pkg/rsolr/inst/example-solr/solr/cores/techproducts/], dataDir=[null]
2015-05-30 06:07:09.224 INFO  (coreLoadExecutor-6-thread-1) [   x:techproducts] o.a.s.c.JmxMonitoredMap No JMX servers found, not exposing Solr information with JMX.
2015-05-30 06:07:09.226 INFO  (coreLoadExecutor-6-thread-1) [   x:techproducts] o.a.s.c.SolrCore [[techproducts] ] Added SolrEventListener for newSearcher: [org.apache.solr.core.QuerySenderListener{queries=[]}]
2015-05-30 06:07:09.226 INFO  (coreLoadExecutor-6-thread-1) [   x:techproducts] o.a.s.c.SolrCore [[techproducts] ] Added SolrEventListener for firstSearcher: [org.apache.solr.core.QuerySenderListener{queries=[{q=static firstSearcher warming in solrconfig.xml}]}]
2015-05-30 06:07:09.251 INFO  (coreLoadExecutor-6-thread-1) [   x:techproducts] o.a.s.c.CachingDirectoryFactory return new directory for /Users/michafla/projects/R/pkg/rsolr/inst/example-solr/solr/cores/techproducts/data
2015-05-30 06:07:09.252 INFO  (coreLoadExecutor-6-thread-1) [   x:techproducts] o.a.s.c.SolrCore New index directory detected: old=null new=/Users/michafla/projects/R/pkg/rsolr/inst/example-solr/solr/cores/techproducts/data/index/
2015-05-30 06:07:09.252 INFO  (coreLoadExecutor-6-thread-1) [   x:techproducts] o.a.s.c.CachingDirectoryFactory return new directory for /Users/michafla/projects/R/pkg/rsolr/inst/example-solr/solr/cores/techproducts/data/index
2015-05-30 06:07:09.266 INFO  (coreLoadExecutor-6-thread-1) [   x:techproducts] o.a.s.c.PluginBag queryResponseWriter : 'velocity' created with startup=lazy 
2015-05-30 06:07:09.268 INFO  (coreLoadExecutor-6-thread-1) [   x:techproducts] o.a.s.r.XSLTResponseWriter xsltCacheLifetimeSeconds=5
2015-05-30 06:07:09.341 INFO  (coreLoadExecutor-6-thread-1) [   x:techproducts] o.a.s.c.SolrCore no updateRequestProcessorChain defined as default, creating implicit default
2015-05-30 06:07:09.367 INFO  (coreLoadExecutor-6-thread-1) [   x:techproducts] o.a.s.h.l.XMLLoader xsltCacheLifetimeSeconds=60
2015-05-30 06:07:09.369 INFO  (coreLoadExecutor-6-thread-1) [   x:techproducts] o.a.s.h.l.XMLLoader xsltCacheLifetimeSeconds=60
2015-05-30 06:07:09.370 INFO  (coreLoadExecutor-6-thread-1) [   x:techproducts] o.a.s.h.l.XMLLoader xsltCacheLifetimeSeconds=60
2015-05-30 06:07:09.370 INFO  (coreLoadExecutor-6-thread-1) [   x:techproducts] o.a.s.h.l.XMLLoader xsltCacheLifetimeSeconds=60
2015-05-30 06:07:09.383 INFO  (coreLoadExecutor-6-thread-1) [   x:techproducts] o.a.s.c.PluginBag requestHandler : '/update/extract' created with startup=lazy 
2015-05-30 06:07:09.384 INFO  (coreLoadExecutor-6-thread-1) [   x:techproducts] o.a.s.c.PluginBag requestHandler : '/analysis/field' created with startup=lazy 
2015-05-30 06:07:09.384 INFO  (coreLoadExecutor-6-thread-1) [   x:techproducts] o.a.s.c.PluginBag requestHandler : '/analysis/document' created with startup=lazy 
2015-05-30 06:07:09.386 INFO  (coreLoadExecutor-6-thread-1) [   x:techproducts] o.a.s.c.PluginBag requestHandler : '/spell' created with startup=lazy 
2015-05-30 06:07:09.386 INFO  (coreLoadExecutor-6-thread-1) [   x:techproducts] o.a.s.c.PluginBag requestHandler : '/suggest' created with startup=lazy 
2015-05-30 06:07:09.386 INFO  (coreLoadExecutor-6-thread-1) [   x:techproducts] o.a.s.c.PluginBag requestHandler : '/tvrh' created with startup=lazy 
2015-05-30 06:07:09.386 INFO  (coreLoadExecutor-6-thread-1) [   x:techproducts] o.a.s.c.PluginBag requestHandler : '/terms' created with startup=lazy 
2015-05-30 06:07:09.386 INFO  (coreLoadExecutor-6-thread-1) [   x:techproducts] o.a.s.c.PluginBag requestHandler : '/elevate' created with startup=lazy 
2015-05-30 06:07:09.450 INFO  (coreLoadExecutor-6-thread-1) [   x:techproducts] o.a.s.c.RequestHandlers Registered paths: /admin/mbeans,/browse,/update/json/docs,/admin/luke,/export,/get,/admin/properties,/elevate,/update/json,/admin/threads,/query,/analysis/field,/analysis/document,/spell,/update/csv,/tvrh,/select,/admin/segments,/admin/system,/suggest,/replication,/config,/stream,/schema,/admin/plugins,/admin/logging,/admin/ping,/update,/admin/file,/debug/dump,/terms,/update/extract
2015-05-30 06:07:09.453 INFO  (coreLoadExecutor-6-thread-1) [   x:techproducts] o.a.s.c.SolrCore Using default statsCache cache: org.apache.solr.search.stats.LocalStatsCache
2015-05-30 06:07:09.461 INFO  (coreLoadExecutor-6-thread-1) [   x:techproducts] o.a.s.u.UpdateHandler Using UpdateLog implementation: org.apache.solr.update.UpdateLog
2015-05-30 06:07:09.461 INFO  (coreLoadExecutor-6-thread-1) [   x:techproducts] o.a.s.u.UpdateLog Initializing UpdateLog: dataDir= defaultSyncLevel=FLUSH numRecordsToKeep=100 maxNumLogsToKeep=10 numVersionBuckets=65536
2015-05-30 06:07:09.524 INFO  (coreLoadExecutor-6-thread-1) [   x:techproducts] o.a.s.c.SolrCore Hard AutoCommit: if uncommited for 15000ms; 
2015-05-30 06:07:09.525 INFO  (coreLoadExecutor-6-thread-1) [   x:techproducts] o.a.s.c.SolrCore Soft AutoCommit: disabled
2015-05-30 06:07:09.557 INFO  (coreLoadExecutor-6-thread-1) [   x:techproducts] o.a.s.c.SolrCore SolrDeletionPolicy.onInit: commits: num=1
	commit{dir=NRTCachingDirectory(MMapDirectory@/Users/michafla/projects/R/pkg/rsolr/inst/example-solr/solr/cores/techproducts/data/index lockFactory=org.apache.lucene.store.NativeFSLockFactory@18dae9a6; maxCacheMB=48.0 maxMergeSizeMB=4.0),segFN=segments_2,generation=2}
2015-05-30 06:07:09.558 INFO  (coreLoadExecutor-6-thread-1) [   x:techproducts] o.a.s.c.SolrCore newest commit generation = 2
2015-05-30 06:07:09.592 INFO  (coreLoadExecutor-6-thread-1) [   x:techproducts] o.a.s.s.SolrIndexSearcher Opening Searcher@1f000571[techproducts] main
2015-05-30 06:07:09.596 INFO  (coreLoadExecutor-6-thread-1) [   x:techproducts] o.a.s.r.ManagedResourceStorage File-based storage initialized to use dir: /Users/michafla/projects/R/pkg/rsolr/inst/example-solr/solr/cores/techproducts/conf
2015-05-30 06:07:09.597 INFO  (coreLoadExecutor-6-thread-1) [   x:techproducts] o.a.s.r.RestManager Initializing RestManager with initArgs: {storageDir=/Users/michafla/projects/R/pkg/rsolr/inst/example-solr/solr/cores/techproducts/conf}
2015-05-30 06:07:09.598 INFO  (coreLoadExecutor-6-thread-1) [   x:techproducts] o.a.s.r.ManagedResourceStorage Reading _rest_managed.json using file:dir=/Users/michafla/projects/R/pkg/rsolr/inst/example-solr/solr/cores/techproducts/conf
2015-05-30 06:07:09.599 INFO  (coreLoadExecutor-6-thread-1) [   x:techproducts] o.a.s.r.ManagedResourceStorage Loaded LinkedHashMap at path _rest_managed.json using file:dir=/Users/michafla/projects/R/pkg/rsolr/inst/example-solr/solr/cores/techproducts/conf
2015-05-30 06:07:09.675 INFO  (coreLoadExecutor-6-thread-1) [   x:techproducts] o.a.s.r.ManagedResource Loaded initArgs {} for /rest/managed
2015-05-30 06:07:09.675 INFO  (coreLoadExecutor-6-thread-1) [   x:techproducts] o.a.s.r.RestManager Initializing 2 registered ManagedResources
2015-05-30 06:07:09.675 INFO  (coreLoadExecutor-6-thread-1) [   x:techproducts] o.a.s.r.ManagedResourceStorage Reading _schema_analysis_stopwords_english.json using file:dir=/Users/michafla/projects/R/pkg/rsolr/inst/example-solr/solr/cores/techproducts/conf
2015-05-30 06:07:09.676 INFO  (coreLoadExecutor-6-thread-1) [   x:techproducts] o.a.s.r.ManagedResourceStorage Loaded LinkedHashMap at path _schema_analysis_stopwords_english.json using file:dir=/Users/michafla/projects/R/pkg/rsolr/inst/example-solr/solr/cores/techproducts/conf
2015-05-30 06:07:09.676 INFO  (coreLoadExecutor-6-thread-1) [   x:techproducts] o.a.s.r.ManagedResource Loaded initArgs {ignoreCase=true} for /schema/analysis/stopwords/english
2015-05-30 06:07:09.677 INFO  (coreLoadExecutor-6-thread-1) [   x:techproducts] o.a.s.r.ManagedResource Loaded 35 words for /schema/analysis/stopwords/english
2015-05-30 06:07:09.825 INFO  (coreLoadExecutor-6-thread-1) [   x:techproducts] o.a.s.r.ManagedResource Notified 1 observers of /schema/analysis/stopwords/english
2015-05-30 06:07:09.826 INFO  (coreLoadExecutor-6-thread-1) [   x:techproducts] o.a.s.r.ManagedResourceStorage Reading _schema_analysis_synonyms_english.json using file:dir=/Users/michafla/projects/R/pkg/rsolr/inst/example-solr/solr/cores/techproducts/conf
2015-05-30 06:07:09.826 INFO  (coreLoadExecutor-6-thread-1) [   x:techproducts] o.a.s.r.ManagedResourceStorage Loaded LinkedHashMap at path _schema_analysis_synonyms_english.json using file:dir=/Users/michafla/projects/R/pkg/rsolr/inst/example-solr/solr/cores/techproducts/conf
2015-05-30 06:07:09.826 INFO  (coreLoadExecutor-6-thread-1) [   x:techproducts] o.a.s.r.ManagedResource Loaded initArgs {ignoreCase=true,format=solr} for /schema/analysis/synonyms/english
2015-05-30 06:07:09.827 INFO  (coreLoadExecutor-6-thread-1) [   x:techproducts] o.a.s.r.ManagedResource Loaded 3 synonym mappings for /schema/analysis/synonyms/english
2015-05-30 06:07:09.828 INFO  (coreLoadExecutor-6-thread-1) [   x:techproducts] o.a.s.r.ManagedResource Notified 1 observers of /schema/analysis/synonyms/english
2015-05-30 06:07:09.899 INFO  (coreLoadExecutor-6-thread-1) [   x:techproducts] o.a.s.h.c.SpellCheckComponent Initializing spell checkers
2015-05-30 06:07:09.904 INFO  (coreLoadExecutor-6-thread-1) [   x:techproducts] o.a.s.s.DirectSolrSpellChecker init: {name=default,field=text,classname=solr.DirectSolrSpellChecker,distanceMeasure=internal,accuracy=0.5,maxEdits=2,minPrefix=1,maxInspections=5,minQueryLength=4,maxQueryFrequency=0.01}
2015-05-30 06:07:09.908 INFO  (coreLoadExecutor-6-thread-1) [   x:techproducts] o.a.s.h.c.SpellCheckComponent No queryConverter defined, using default converter
2015-05-30 06:07:09.909 INFO  (coreLoadExecutor-6-thread-1) [   x:techproducts] o.a.s.h.c.SuggestComponent Initializing SuggestComponent
2015-05-30 06:07:09.910 INFO  (coreLoadExecutor-6-thread-1) [   x:techproducts] o.a.s.s.s.SolrSuggester init: {name=mySuggester,lookupImpl=FuzzyLookupFactory,dictionaryImpl=DocumentDictionaryFactory,field=cat,weightField=price,suggestAnalyzerFieldType=string,buildOnStartup=false}
2015-05-30 06:07:09.975 INFO  (coreLoadExecutor-6-thread-1) [   x:techproducts] o.a.s.s.s.SolrSuggester Dictionary loaded with params: {name=mySuggester,lookupImpl=FuzzyLookupFactory,dictionaryImpl=DocumentDictionaryFactory,field=cat,weightField=price,suggestAnalyzerFieldType=string,buildOnStartup=false}
2015-05-30 06:07:09.976 INFO  (coreLoadExecutor-6-thread-1) [   x:techproducts] o.a.s.h.c.QueryElevationComponent Loading QueryElevation from: /Users/michafla/projects/R/pkg/rsolr/inst/example-solr/solr/cores/techproducts/conf/elevate.xml
2015-05-30 06:07:09.990 INFO  (coreLoadExecutor-6-thread-1) [   x:techproducts] o.a.s.h.ReplicationHandler Commits will be reserved for  10000
2015-05-30 06:07:09.994 INFO  (searcherExecutor-7-thread-1-processing-x:techproducts) [   x:techproducts] o.a.s.c.SolrCore QuerySenderListener sending requests to Searcher@1f000571[techproducts] main{ExitableDirectoryReader(UninvertingDirectoryReader(Uninverting(_0(5.1.0):C32)))}
2015-05-30 06:07:09.995 INFO  (coreLoadExecutor-6-thread-1) [   x:techproducts] o.a.s.u.UpdateLog On first searcher opened, looking up max value of version field
2015-05-30 06:07:10.011 INFO  (coreLoadExecutor-6-thread-1) [   x:techproducts] o.a.s.u.VersionInfo Refreshing highest value of _version_ for 65536 version buckets from index
2015-05-30 06:07:10.025 INFO  (coreLoadExecutor-6-thread-1) [   x:techproducts] o.a.s.u.VersionInfo Found MAX value 1498798892986138624 from Terms for _version_ in index
2015-05-30 06:07:10.031 INFO  (coreLoadExecutor-6-thread-1) [   x:techproducts] o.a.s.u.UpdateLog Took 20 ms to seed version buckets with highest version 1498798892986138624
2015-05-30 06:07:10.032 INFO  (coreLoadExecutor-6-thread-1) [   x:techproducts] o.a.s.c.CoreContainer registering core: techproducts
2015-05-30 06:07:10.056 INFO  (searcherExecutor-7-thread-1-processing-x:techproducts) [   x:techproducts] o.a.s.c.S.Request [techproducts] webapp=null path=null params={q=static+firstSearcher+warming+in+solrconfig.xml&distrib=false&event=firstSearcher} hits=3 status=0 QTime=61 
2015-05-30 06:07:10.065 INFO  (searcherExecutor-7-thread-1-processing-x:techproducts) [   x:techproducts] o.a.s.c.SolrCore QuerySenderListener done.
2015-05-30 06:07:10.065 INFO  (searcherExecutor-7-thread-1-processing-x:techproducts) [   x:techproducts] o.a.s.h.c.SpellCheckComponent Loading spell index for spellchecker: default
2015-05-30 06:07:10.089 INFO  (searcherExecutor-7-thread-1-processing-x:techproducts) [   x:techproducts] o.a.s.h.c.SpellCheckComponent Loading spell index for spellchecker: wordbreak
2015-05-30 06:07:10.090 INFO  (searcherExecutor-7-thread-1-processing-x:techproducts) [   x:techproducts] o.a.s.c.SolrCore [techproducts] Registered new searcher Searcher@1f000571[techproducts] main{ExitableDirectoryReader(UninvertingDirectoryReader(Uninverting(_0(5.1.0):C32)))}
2015-05-30 06:07:23.184 INFO  (Thread-0) [   ] o.e.j.s.ServerConnector Stopped ServerConnector@54e1c68b{HTTP/1.1}{0.0.0.0:8983}
2015-05-30 06:07:23.185 INFO  (Thread-0) [   ] o.a.s.c.CoreContainer Shutting down CoreContainer instance=328827614
2015-05-30 06:07:23.185 INFO  (Thread-0) [   x:techproducts] o.a.s.c.SolrCore [techproducts]  CLOSING SolrCore org.apache.solr.core.SolrCore@489e865d
2015-05-30 06:07:23.186 INFO  (Thread-0) [   x:techproducts] o.a.s.u.UpdateHandler closing DirectUpdateHandler2{commits=0,autocommit maxTime=15000ms,autocommits=0,soft autocommits=0,optimizes=0,rollbacks=0,expungeDeletes=0,docsPending=0,adds=0,deletesById=0,deletesByQuery=0,errors=0,cumulative_adds=0,cumulative_deletesById=0,cumulative_deletesByQuery=0,cumulative_errors=0,transaction_logs_total_size=8721,transaction_logs_total_number=1}
2015-05-30 06:07:23.186 INFO  (Thread-0) [   x:techproducts] o.a.s.u.SolrCoreState Closing SolrCoreState
2015-05-30 06:07:23.186 INFO  (Thread-0) [   x:techproducts] o.a.s.u.DefaultSolrCoreState SolrCoreState ref count has reached 0 - closing IndexWriter
2015-05-30 06:07:23.186 INFO  (Thread-0) [   x:techproducts] o.a.s.u.DefaultSolrCoreState closing IndexWriter with IndexWriterCloser
2015-05-30 06:07:23.207 INFO  (Thread-0) [   x:techproducts] o.a.s.c.SolrCore [techproducts] Closing main searcher on request.
2015-05-30 06:07:23.209 INFO  (Thread-0) [   x:techproducts] o.a.s.c.CachingDirectoryFactory Closing NRTCachingDirectoryFactory - 2 directories currently being tracked
2015-05-30 06:07:23.210 INFO  (Thread-0) [   x:techproducts] o.a.s.c.CachingDirectoryFactory looking to close /Users/michafla/projects/R/pkg/rsolr/inst/example-solr/solr/cores/techproducts/data/index [CachedDir<<refCount=0;path=/Users/michafla/projects/R/pkg/rsolr/inst/example-solr/solr/cores/techproducts/data/index;done=false>>]
2015-05-30 06:07:23.210 INFO  (Thread-0) [   x:techproducts] o.a.s.c.CachingDirectoryFactory Closing directory: /Users/michafla/projects/R/pkg/rsolr/inst/example-solr/solr/cores/techproducts/data/index
2015-05-30 06:07:23.210 INFO  (Thread-0) [   x:techproducts] o.a.s.c.CachingDirectoryFactory looking to close /Users/michafla/projects/R/pkg/rsolr/inst/example-solr/solr/cores/techproducts/data [CachedDir<<refCount=0;path=/Users/michafla/projects/R/pkg/rsolr/inst/example-solr/solr/cores/techproducts/data;done=false>>]
2015-05-30 06:07:23.247 INFO  (Thread-0) [   x:techproducts] o.a.s.c.CachingDirectoryFactory Closing directory: /Users/michafla/projects/R/pkg/rsolr/inst/example-solr/solr/cores/techproducts/data
2015-05-30 06:07:23.249 INFO  (Thread-0) [   x:techproducts] o.e.j.s.h.ContextHandler Stopped o.e.j.w.WebAppContext@271053e1{/solr,file:/Users/michafla/projects/R/pkg/rsolr/inst/example-solr/solr-webapp/webapp/,UNAVAILABLE}{/solr.war}
